<?xml version="1.0" encoding="UTF-8"?>
<!-- Generated by org.testng.reporters.JUnitXMLReporter -->
<testsuite ignored="0" hostname="PratiksPC" failures="1" tests="1" name="Default test" time="7.407" errors="0" timestamp="2025-11-19T17:46:19 IST">
  <testcase classname="io.cucumber.testng.AbstractTestNGCucumberTests" name="runScenario" time="6.854">
    <failure type="java.lang.AssertionError" message="expected [YuvrajGadadare] but found [Yuvraj Gadadare]">
      <![CDATA[java.lang.AssertionError: expected [YuvrajGadadare] but found [Yuvraj Gadadare]
at org.testng.Assert.fail(Assert.java:111)
at org.testng.Assert.failNotEquals(Assert.java:1590)
at org.testng.Assert.assertEqualsImpl(Assert.java:150)
at org.testng.Assert.assertEquals(Assert.java:132)
at org.testng.Assert.assertEquals(Assert.java:656)
at org.testng.Assert.assertEquals(Assert.java:666)
at mypackage.Steps.confirmTitle(Steps.java:47)
at âœ½.It should show title="YuvrajGadadare"(file:///C:/Users/Pratiksha/Documents/Selenium/cucumberdemo/src/test/resources/login.feature:7)
]]>
    </failure>
  </testcase> <!-- runScenario -->
</testsuite> <!-- Default test -->
