<?xml version="1.0" encoding="UTF-8"?>
<!-- Generated by org.testng.reporters.JUnitReportReporter -->
<testsuite hostname="PratiksPC" failures="0" tests="4" name="mytestngpackage.NewTest" time="0.030" errors="0" timestamp="2025-11-10T16:46:20 IST" skipped="1">
  <testcase classname="mytestngpackage.NewTest" name="First" time="0.017"/>
  <testcase classname="mytestngpackage.NewTest" name="SecondTest" time="0.006"/>
  <testcase classname="mytestngpackage.NewTest" name="FourthTest" time="0.007"/>
  <testcase classname="mytestngpackage.NewTest" name="ThirdTest">
    <skipped/>
  </testcase> <!-- ThirdTest -->
</testsuite> <!-- mytestngpackage.NewTest -->
