<?xml version="1.0" encoding="UTF-8"?>
<!-- Generated by org.testng.reporters.JUnitReportReporter -->
<testsuite hostname="PratiksPC" failures="0" tests="4" name="mytestngpackage.LoginTestExample" time="10.277" errors="0" timestamp="2025-11-10T18:06:03 IST" skipped="1">
  <testcase classname="mytestngpackage.LoginTestExample" name="OpenBrowser" time="0.850"/>
  <testcase classname="mytestngpackage.LoginTestExample" name="LoginTest" time="4.974"/>
  <testcase classname="mytestngpackage.LoginTestExample" name="Logout" time="4.453"/>
  <testcase classname="mytestngpackage.LoginTestExample" name="ChangePasswordTest">
    <skipped/>
  </testcase> <!-- ChangePasswordTest -->
</testsuite> <!-- mytestngpackage.LoginTestExample -->
