<?xml version="1.0" encoding="UTF-8"?>
<!-- Generated by org.testng.reporters.JUnitXMLReporter -->
<testsuite ignored="1" hostname="PratiksPC" failures="0" tests="1" name="Default test" time="9.013" errors="0" timestamp="2025-11-18T12:51:53 IST">
  <testcase classname="QAPlayGround.ActionClass" name="ActionClick" time="1.59"/>
  <testcase classname="QAPlayGround.ActionClass" name="ActionClickWebElement" time="0.0">
    <ignored/>
  </testcase> <!-- ActionClickWebElement -->
</testsuite> <!-- Default test -->
