<?xml version="1.0" encoding="UTF-8"?>
<testng-results ignored="0" total="1" passed="0" failed="1" skipped="0">
  <reporter-output>
  </reporter-output>
  <suite started-at="2025-11-19T17:46:11 IST" name="Default suite" finished-at="2025-11-19T17:46:19 IST" duration-ms="7407">
    <groups>
      <group name="cucumber">
        <method signature="AbstractTestNGCucumberTests.runScenario(io.cucumber.testng.PickleWrapper,io.cucumber.testng.FeatureWrapper)[pri:0, instance:mypackage.Runner@2df3b89c]" name="runScenario" class="io.cucumber.testng.AbstractTestNGCucumberTests"/>
      </group> <!-- cucumber -->
    </groups>
    <test started-at="2025-11-19T17:46:11 IST" name="Default test" finished-at="2025-11-19T17:46:19 IST" duration-ms="7407">
      <class name="mypackage.Runner">
        <test-method is-config="true" signature="setUpClass(org.testng.ITestContext)[pri:0, instance:mypackage.Runner@2df3b89c]" started-at="2025-11-19T17:46:11 IST" name="setUpClass" finished-at="2025-11-19T17:46:12 IST" duration-ms="480" status="PASS">
          <params>
            <param index="0">
              <value>
                <![CDATA[org.testng.TestRunner@38c2c309]]>
              </value>
            </param>
          </params>
          <reporter-output>
          </reporter-output>
        </test-method> <!-- setUpClass -->
        <test-method signature="runScenario(io.cucumber.testng.PickleWrapper,io.cucumber.testng.FeatureWrapper)[pri:0, instance:mypackage.Runner@2df3b89c]" started-at="2025-11-19T17:46:12 IST" name="runScenario" description="Runs Cucumber Scenarios" data-provider="scenarios" finished-at="2025-11-19T17:46:19 IST" duration-ms="6854" status="FAIL">
          <params>
            <param index="0">
              <value>
                <![CDATA["Student Login Test"]]>
              </value>
            </param>
            <param index="1">
              <value>
                <![CDATA["Test"]]>
              </value>
            </param>
          </params>
          <exception class="java.lang.AssertionError">
            <message>
              <![CDATA[expected [YuvrajGadadare] but found [Yuvraj Gadadare]]]>
            </message>
            <full-stacktrace>
              <![CDATA[java.lang.AssertionError: expected [YuvrajGadadare] but found [Yuvraj Gadadare]
at org.testng.Assert.fail(Assert.java:111)
at org.testng.Assert.failNotEquals(Assert.java:1590)
at org.testng.Assert.assertEqualsImpl(Assert.java:150)
at org.testng.Assert.assertEquals(Assert.java:132)
at org.testng.Assert.assertEquals(Assert.java:656)
at org.testng.Assert.assertEquals(Assert.java:666)
at mypackage.Steps.confirmTitle(Steps.java:47)
at âœ½.It should show title="YuvrajGadadare"(file:///C:/Users/Pratiksha/Documents/Selenium/cucumberdemo/src/test/resources/login.feature:7)
]]>
            </full-stacktrace>
          </exception> <!-- java.lang.AssertionError -->
          <reporter-output>
          </reporter-output>
        </test-method> <!-- runScenario -->
        <test-method is-config="true" signature="tearDownClass()[pri:0, instance:mypackage.Runner@2df3b89c]" started-at="2025-11-19T17:46:19 IST" name="tearDownClass" finished-at="2025-11-19T17:46:19 IST" duration-ms="29" status="PASS">
          <reporter-output>
          </reporter-output>
        </test-method> <!-- tearDownClass -->
      </class> <!-- mypackage.Runner -->
    </test> <!-- Default test -->
  </suite> <!-- Default suite -->
</testng-results>
