<?xml version="1.0" encoding="UTF-8"?>
<testng-results ignored="0" total="2" passed="2" failed="0" skipped="0">
  <reporter-output>
  </reporter-output>
  <suite started-at="2025-11-19T16:02:42 IST" name="Default suite" finished-at="2025-11-19T16:03:08 IST" duration-ms="26190">
    <groups>
    </groups>
    <test started-at="2025-11-19T16:02:42 IST" name="Default test" finished-at="2025-11-19T16:03:08 IST" duration-ms="26190">
      <class name="mytestngpackage.NewTesting">
        <test-method is-config="true" signature="beforeTest()[pri:0, instance:mytestngpackage.NewTesting@3fc2959f]" started-at="2025-11-19T16:02:42 IST" name="beforeTest" finished-at="2025-11-19T16:02:44 IST" duration-ms="1323" status="PASS">
          <reporter-output>
          </reporter-output>
        </test-method> <!-- beforeTest -->
        <test-method signature="OpenBrowser()[pri:1, instance:mytestngpackage.NewTesting@3fc2959f]" started-at="2025-11-19T16:02:44 IST" name="OpenBrowser" finished-at="2025-11-19T16:02:51 IST" duration-ms="7420" status="PASS">
          <reporter-output>
          </reporter-output>
        </test-method> <!-- OpenBrowser -->
        <test-method signature="LoginTest()[pri:2, instance:mytestngpackage.NewTesting@3fc2959f]" started-at="2025-11-19T16:02:51 IST" name="LoginTest" finished-at="2025-11-19T16:03:04 IST" duration-ms="13288" status="PASS">
          <reporter-output>
          </reporter-output>
        </test-method> <!-- LoginTest -->
        <test-method is-config="true" signature="afterTest()[pri:0, instance:mytestngpackage.NewTesting@3fc2959f]" started-at="2025-11-19T16:03:04 IST" name="afterTest" finished-at="2025-11-19T16:03:08 IST" duration-ms="4121" status="PASS">
          <reporter-output>
          </reporter-output>
        </test-method> <!-- afterTest -->
      </class> <!-- mytestngpackage.NewTesting -->
    </test> <!-- Default test -->
  </suite> <!-- Default suite -->
</testng-results>
