<?xml version="1.0" encoding="UTF-8"?>
<testng-results ignored="0" total="1" passed="1" failed="0" skipped="0">
  <reporter-output>
  </reporter-output>
  <suite started-at="2025-11-18T12:51:44 IST" name="Default suite" finished-at="2025-11-18T12:51:53 IST" duration-ms="9013">
    <groups>
    </groups>
    <test started-at="2025-11-18T12:51:44 IST" name="Default test" finished-at="2025-11-18T12:51:53 IST" duration-ms="9013">
      <class name="QAPlayGround.ActionClass">
        <test-method is-config="true" signature="beforeTest()[pri:0, instance:QAPlayGround.ActionClass@4aa83f4f]" started-at="2025-11-18T12:51:44 IST" name="beforeTest" finished-at="2025-11-18T12:51:49 IST" duration-ms="4187" status="PASS">
          <reporter-output>
          </reporter-output>
        </test-method> <!-- beforeTest -->
        <test-method signature="ActionClick()[pri:1, instance:QAPlayGround.ActionClass@4aa83f4f]" started-at="2025-11-18T12:51:49 IST" name="ActionClick" finished-at="2025-11-18T12:51:50 IST" duration-ms="1590" status="PASS">
          <reporter-output>
          </reporter-output>
        </test-method> <!-- ActionClick -->
        <test-method is-config="true" signature="afterTest()[pri:0, instance:QAPlayGround.ActionClass@4aa83f4f]" started-at="2025-11-18T12:51:50 IST" name="afterTest" finished-at="2025-11-18T12:51:53 IST" duration-ms="3199" status="PASS">
          <reporter-output>
          </reporter-output>
        </test-method> <!-- afterTest -->
      </class> <!-- QAPlayGround.ActionClass -->
    </test> <!-- Default test -->
  </suite> <!-- Default suite -->
</testng-results>
