<?xml version="1.0" encoding="UTF-8"?>
<!-- Generated by org.testng.reporters.JUnitReportReporter -->
<testsuite hostname="PratiksPC" failures="0" tests="1" name="CucumberTest.Runner" time="7.471" errors="1" timestamp="2025-11-19T18:12:10 IST" skipped="0">
  <testcase classname="CucumberTest.Runner" name="runScenario" time="7.471">
    <error message="The step &#039;Enter Password=&quot;pp&quot;&#039; and 2 other step(s) are undefined.
You can implement these steps using the snippet(s) below:

@Given(&quot;Enter Password={string}&quot;)
public void enter_password(String string) {
    // Write code here that turns the phrase above into concrete actions
    throw new io.cucumber.java.PendingException();
}
@When(&quot;Click on login button&quot;)
public void click_on_login_button() {
    // Write code here that turns the phrase above into concrete actions
    throw new io.cucumber.java.PendingException();
}
@Then(&quot;It should show title={string}&quot;)
public void it_should_show_title(String string) {
    // Write code here that turns the phrase above into concrete actions
    throw new io.cucumber.java.PendingException();
}
" type="io.cucumber.testng.UndefinedStepException">
      <![CDATA[io.cucumber.testng.UndefinedStepException: The step 'Enter Password="pp"' and 2 other step(s) are undefined.
You can implement these steps using the snippet(s) below:

@Given("Enter Password={string}")
public void enter_password(String string) {
    // Write code here that turns the phrase above into concrete actions
    throw new io.cucumber.java.PendingException();
}
@When("Click on login button")
public void click_on_login_button() {
    // Write code here that turns the phrase above into concrete actions
    throw new io.cucumber.java.PendingException();
}
@Then("It should show title={string}")
public void it_should_show_title(String string) {
    // Write code here that turns the phrase above into concrete actions
    throw new io.cucumber.java.PendingException();
}

at âœ½.Enter Password="pp"(file:///C:/Users/Pratiksha/Documents/Selenium/CucumberDay1/src/test/resources/LoginTest.feature:5)
]]>
    </error>
  </testcase> <!-- runScenario -->
</testsuite> <!-- CucumberTest.Runner -->
