<?xml version="1.0" encoding="UTF-8"?>
<testng-results ignored="0" total="1" passed="1" failed="0" skipped="0">
  <reporter-output>
  </reporter-output>
  <suite started-at="2025-11-17T17:57:20 IST" name="Default suite" finished-at="2025-11-17T17:57:36 IST" duration-ms="15158">
    <groups>
    </groups>
    <test started-at="2025-11-17T17:57:20 IST" name="Default test" finished-at="2025-11-17T17:57:36 IST" duration-ms="15158">
      <class name="mykeywordpackage.GenericTestNG">
        <test-method signature="LoginTest()[pri:0, instance:mykeywordpackage.GenericTestNG@6aeb35e6]" started-at="2025-11-17T17:57:20 IST" name="LoginTest" finished-at="2025-11-17T17:57:36 IST" duration-ms="15112" status="PASS">
          <reporter-output>
          </reporter-output>
        </test-method> <!-- LoginTest -->
      </class> <!-- mykeywordpackage.GenericTestNG -->
    </test> <!-- Default test -->
  </suite> <!-- Default suite -->
</testng-results>
