<?xml version="1.0" encoding="UTF-8"?>
<testng-results ignored="0" total="1" passed="1" failed="0" skipped="0">
  <reporter-output>
  </reporter-output>
  <suite started-at="2025-11-19T14:25:25 IST" name="Default suite" finished-at="2025-11-19T14:26:08 IST" duration-ms="42665">
    <groups>
    </groups>
    <test started-at="2025-11-19T14:25:25 IST" name="Default test" finished-at="2025-11-19T14:26:08 IST" duration-ms="42665">
      <class name="orangehrm_package.Generic_OrangeHRM">
        <test-method signature="logintoOR()[pri:0, instance:orangehrm_package.Generic_OrangeHRM@6aeb35e6]" started-at="2025-11-19T14:25:25 IST" name="logintoOR" finished-at="2025-11-19T14:26:08 IST" duration-ms="42625" status="PASS">
          <reporter-output>
          </reporter-output>
        </test-method> <!-- logintoOR -->
      </class> <!-- orangehrm_package.Generic_OrangeHRM -->
    </test> <!-- Default test -->
  </suite> <!-- Default suite -->
</testng-results>
