<?xml version="1.0" encoding="UTF-8"?>
<!-- Generated by org.testng.reporters.JUnitReportReporter -->
<testsuite hostname="PratiksPC" failures="0" tests="2" name="QAPlayGround.ActionClass" time="1.590" errors="0" timestamp="2025-11-18T12:51:54 IST" skipped="1">
  <testcase classname="QAPlayGround.ActionClass" name="ActionClick" time="1.590"/>
  <testcase classname="QAPlayGround.ActionClass" name="ActionClickWebElement">
    <skipped/>
  </testcase> <!-- ActionClickWebElement -->
</testsuite> <!-- QAPlayGround.ActionClass -->
